[WARN] [1781263683.701483, 991.758000]: IKSolverType.TRAC_IK: solution not found!
Import ur_ikfast not available, IKFAST would not be supported without it
[INFO] [1781263666.792789, 0.000000]: Using filtered FT topic: /wrench/filtered
[92mInitializing ur robot with parameters[0m
[92mgripper: GripperType.GENERIC, ft_sensor_topic: wrench, 
base_link: base_link, ee_link: tool0[0m
[INFO] [1781263669.338273, 980.448000]: JointTrajectoryController initialized. ns: /
[INFO] [1781263669.643199, 980.675000]: GripperCommandAction initialized. ns: /
[INFO] [1781263669.799176, 980.777000]: Auto-selected cube model: cube
[INFO] [1781263669.806249, 980.782000]: Task: (1) table grasp (2) XY drag z fixed (3) Fz=5.00 N | cube=cube::link side=0.020m
[INFO] [1781263672.135608, 982.647000]: Grasp target link: cube::link
[INFO] [1781263672.339173, 982.800000]: Cube cube pose [gazebo:robot::base_link]: [-0.0934, 0.236, 0.1132]
[INFO] [1781263672.342311, 982.800000]: Cube cube pose [gazebo:base_link]: [-0.0934, 0.236, 0.1132]
[INFO] [1781263672.347658, 982.805000]: Cube cube pose [gazebo:robot]: [-0.0934, 0.236, 0.1132]
[INFO] [1781263672.353590, 982.810000]: Cube cube pose [gazebo:world]: [0.3459, 0.0934, 0.8032]
[INFO] [1781263672.357147, 982.816000]: Cube cube pose [tf:world]: [0.3459, 0.0934, 0.8032]
[INFO] [1781263672.362709, 982.820000]: Cube cube center in base_link (gazebo:robot::base_link): [-0.0934, 0.236, 0.1132]
[INFO] [1781263674.267216, 984.345000]: Grasp tool0->gripper_tip offset (base_link): [-0.0458, -0.0407, -0.1348]
[INFO] [1781263674.274017, 984.349000]: Grasp tool0->gripper_tip offset (base_link): [-0.0458, -0.0407, -0.1348]
[INFO] [1781263674.280732, 984.353000]: Grasp tool0->gripper_tip offset (base_link): [-0.0458, -0.0407, -0.1348]
[INFO] [1781263674.284932, 984.353000]: Grasp plan: cube center [-0.093, 0.236, 0.113] tool0 xy (-0.048,0.277) z 0.288->0.248
[INFO] [1781263674.286898, 984.354000]:   start EE xyz=[-0.1974, 0.1069, 0.2541], xy err vs cube=0.2264 m
[INFO] [1781263678.047740, 987.370000]:   coarse IK above cube EE xyz=[-0.0476, 0.2766, 0.3381], xy err vs cube=0.0000 m
[INFO] [1781263680.013982, 988.896000]:   fine align iter 0: tip_xy err=0.0781 m
[INFO] [1781263681.463954, 990.006000]:   fine align iter 1: tip_xy err=0.0117 m
[INFO] [1781263682.878893, 991.124000]:   fine align iter 2: tip_xy err=0.0018 m
[INFO] [1781263682.880783, 991.124000]:   XY above cube EE xyz=[-0.0925, 0.2149, 0.2881], xy err vs cube=0.0763 m
[INFO] [1781263683.674098, 991.748000]:   fine align iter 0: tip_xy err=0.0018 m
[INFO] [1781263683.676947, 991.749000]:   at grasp height EE xyz=[-0.0925, 0.2149, 0.2491], xy err vs cube=0.0763 m
[INFO] [1781263683.686000, 991.754000]: Grasp align OK: gripper_tip_vs_cube=0.0018 m, tool0 xy_err=0.0763 m, z_err=0.0011 m, gripper_tip xy vs cube=0.0018 m
[INFO] [1781263683.688690, 991.754000]: At grasp: tool0 z=0.2491 target z=0.2481 | tip z=0.1027 cube z=0.1132
[INFO] [1781263683.690402, 991.755000]: Gentle grasp close (no downward force — joint hold only).
Traceback (most recent call last):
  File "/home/robot/ur3_sim/src/ur3/ur_control/scripts/compliance_controller_example.py", line 1429, in <module>
    main()
  File "/home/robot/ur3_sim/src/ur3/ur_control/scripts/compliance_controller_example.py", line 1425, in main
    force_control()
  File "/home/robot/ur3_sim/src/ur3/ur_control/scripts/compliance_controller_example.py", line 1334, in force_control
    if not grasp_cube(cube_link=cube_link):
  File "/home/robot/ur3_sim/src/ur3/ur_control/scripts/compliance_controller_example.py", line 930, in grasp_cube
    grasp_pre_close_lift(move_t)
  File "/home/robot/ur3_sim/src/ur3/ur_control/scripts/compliance_controller_example.py", line 338, in grasp_pre_close_lift
    move_ee_relative_base([0.0, 0.0, lift], target_time=max(move_t * 0.35, 0.4))
  File "/home/robot/ur3_sim/src/ur3/ur_control/scripts/compliance_controller_example.py", line 286, in move_ee_relative_base
    arm.move_relative(
  File "/home/robot/ur3_sim/src/ur3/ur_control/src/ur_control/arm.py", line 579, in move_relative
    return self.set_target_pose(pose=new_pose, target_time=target_time, wait=wait)
  File "/home/robot/ur3_sim/src/ur3/ur_control/src/ur_control/arm.py", line 509, in set_target_pose
    q = self.inverse_kinematics(pose)
  File "/home/robot/ur3_sim/src/ur3/ur_control/src/ur_control/arm.py", line 249, in inverse_kinematics
    raise InverseKinematicsException(f"{self.ik_solver}: solution not found!")
ur_control.exceptions.InverseKinematicsException: IKSolverType.TRAC_IK: solution not found!
